0 info it worked if it ends with ok
1 verbose cli [ '/usr/local/bin/node', '/usr/local/bin/npm', 'start' ]
2 info using npm@3.3.12
3 info using node@v5.4.0
4 verbose run-script [ 'prestart', 'start', 'poststart' ]
5 info lifecycle resto@1.0.0~prestart: resto@1.0.0
6 silly lifecycle resto@1.0.0~prestart: no script for prestart, continuing
7 info lifecycle resto@1.0.0~start: resto@1.0.0
8 verbose lifecycle resto@1.0.0~start: unsafe-perm in lifecycle true
9 verbose lifecycle resto@1.0.0~start: PATH: /usr/local/lib/node_modules/npm/bin/node-gyp-bin:/Users/frantzaugustine/Development/resto/node_modules/.bin:/Users/frantzaugustine/.rvm/gems/ruby-2.2.3/bin:/Users/frantzaugustine/.rvm/gems/ruby-2.2.3@global/bin:/Users/frantzaugustine/.rvm/rubies/ruby-2.2.3/bin:/Applications/Postgres.app/Contents/Versions/9.4/bin:/usr/local:/usr/local/bin:/usr/local/sbin:/usr/bin:/usr/local/bin:/usr/bin:/bin:/usr/sbin:/sbin:/opt/X11/bin:/Users/frantzaugustine/.rvm/bin
10 verbose lifecycle resto@1.0.0~start: CWD: /Users/frantzaugustine/Development/resto
11 silly lifecycle resto@1.0.0~start: Args: [ '-c', 'tsc && concurrently "npm run tsc:w" "npm run lite" ' ]
12 silly lifecycle resto@1.0.0~start: Returned: code: 2  signal: null
13 info lifecycle resto@1.0.0~start: Failed to exec start script
14 verbose stack Error: resto@1.0.0 start: `tsc && concurrently "npm run tsc:w" "npm run lite" `
14 verbose stack Exit status 2
14 verbose stack     at EventEmitter.<anonymous> (/usr/local/lib/node_modules/npm/lib/utils/lifecycle.js:232:16)
14 verbose stack     at emitTwo (events.js:87:13)
14 verbose stack     at EventEmitter.emit (events.js:172:7)
14 verbose stack     at ChildProcess.<anonymous> (/usr/local/lib/node_modules/npm/lib/utils/spawn.js:24:14)
14 verbose stack     at emitTwo (events.js:87:13)
14 verbose stack     at ChildProcess.emit (events.js:172:7)
14 verbose stack     at maybeClose (internal/child_process.js:821:16)
14 verbose stack     at Process.ChildProcess._handle.onexit (internal/child_process.js:211:5)
15 verbose pkgid resto@1.0.0
16 verbose cwd /Users/frantzaugustine/Development/resto/app
17 error Darwin 15.5.0
18 error argv "/usr/local/bin/node" "/usr/local/bin/npm" "start"
19 error node v5.4.0
20 error npm  v3.3.12
21 error code ELIFECYCLE
22 error resto@1.0.0 start: `tsc && concurrently "npm run tsc:w" "npm run lite" `
22 error Exit status 2
23 error Failed at the resto@1.0.0 start script 'tsc && concurrently "npm run tsc:w" "npm run lite" '.
23 error Make sure you have the latest version of node.js and npm installed.
23 error If you do, this is most likely a problem with the resto package,
23 error not with npm itself.
23 error Tell the author that this fails on your system:
23 error     tsc && concurrently "npm run tsc:w" "npm run lite"
23 error You can get their info via:
23 error     npm owner ls resto
23 error There is likely additional logging output above.
24 verbose exit [ 1, true ]
